D:\PROGRAM FILES\GITHUB\CPLUSPLUSPRIMER\CCPRIMER5\SECTION12\DEBUG\SECTION12.PCH
D:\PROGRAM FILES\GITHUB\CPLUSPLUSPRIMER\CCPRIMER5\SECTION12\DEBUG\STDAFX.OBJ
D:\PROGRAM FILES\GITHUB\CPLUSPLUSPRIMER\CCPRIMER5\SECTION12\DEBUG\VC110.PDB
D:\PROGRAM FILES\GITHUB\CPLUSPLUSPRIMER\CCPRIMER5\SECTION12\DEBUG\PRAC2.OBJ
D:\PROGRAM FILES\GITHUB\CPLUSPLUSPRIMER\CCPRIMER5\SECTION12\DEBUG\SECTION12.OBJ
D:\PROGRAM FILES\GITHUB\CPLUSPLUSPRIMER\CCPRIMER5\DEBUG\SECTION12.ILK
D:\PROGRAM FILES\GITHUB\CPLUSPLUSPRIMER\CCPRIMER5\DEBUG\SECTION12.EXE
D:\PROGRAM FILES\GITHUB\CPLUSPLUSPRIMER\CCPRIMER5\DEBUG\SECTION12.PDB
D:\Program Files\GitHub\CPlusPlusPrimer\CCPrimer5\Section12\Debug\Prac2.obj
D:\Program Files\GitHub\CPlusPlusPrimer\CCPrimer5\Section12\Debug\Section12.obj
D:\Program Files\GitHub\CPlusPlusPrimer\CCPrimer5\Section12\Debug\stdafx.obj
D:\Program Files\GitHub\CPlusPlusPrimer\CCPrimer5\Section12\Debug\cl.command.1.tlog
D:\Program Files\GitHub\CPlusPlusPrimer\CCPrimer5\Section12\Debug\CL.read.1.tlog
D:\Program Files\GitHub\CPlusPlusPrimer\CCPrimer5\Section12\Debug\CL.write.1.tlog
D:\Program Files\GitHub\CPlusPlusPrimer\CCPrimer5\Section12\Debug\link-cvtres.read.1.tlog
D:\Program Files\GitHub\CPlusPlusPrimer\CCPrimer5\Section12\Debug\link-cvtres.write.1.tlog
D:\Program Files\GitHub\CPlusPlusPrimer\CCPrimer5\Section12\Debug\link-rc.read.1.tlog
D:\Program Files\GitHub\CPlusPlusPrimer\CCPrimer5\Section12\Debug\link-rc.write.1.tlog
D:\Program Files\GitHub\CPlusPlusPrimer\CCPrimer5\Section12\Debug\link.command.1.tlog
D:\Program Files\GitHub\CPlusPlusPrimer\CCPrimer5\Section12\Debug\link.read.1.tlog
D:\Program Files\GitHub\CPlusPlusPrimer\CCPrimer5\Section12\Debug\link.write.1.tlog
D:\Program Files\GitHub\CPlusPlusPrimer\CCPrimer5\Section12\Debug\Section12.pch
D:\Program Files\GitHub\CPlusPlusPrimer\CCPrimer5\Section12\Debug\vc110.idb
D:\Program Files\GitHub\CPlusPlusPrimer\CCPrimer5\Section12\Debug\vc110.pdb
D:\Program Files\GitHub\CPlusPlusPrimer\CCPrimer5\Debug\Section12.pdb
D:\Program Files\GitHub\CPlusPlusPrimer\CCPrimer5\Debug\Section12.exe
D:\Program Files\GitHub\CPlusPlusPrimer\CCPrimer5\Debug\Section12.ilk
